<?xml version="1.0" encoding="UTF-8"?><testsuite errors="1" failures="1" name="org.example.features.search.SearchByKeywordStory" skipped="1" tests="4" time="11.28" timestamp="2022-04-18 08:42:17"><testcase classname="org.example.features.search.SearchByKeywordStory" name="Searching by keyword banana should display the corresponding article"><failure message="&#13;&#10;Expected: a collection containing a string containing &quot;An edible fruit produced by the pear tree, similar to an apple but elongated towards the stem.&quot;&#13;&#10;     but: mismatches were: [was &quot;An edible fruit produced by the pear tree, similar to an apple but typically elongated towards the stem.&quot;, was &quot;A type of fruit tree (Pyrus communis). synonym ▲&#10;Synonym: pear tree&quot;, was &quot;The wood of the pear tree (pearwood, pear wood).&quot;, was &quot;Choke pear (a torture device).&quot;, was &quot;(Jamaican) avocado, alligator pear&quot;, was &quot;A desaturated chartreuse yellow colour, like that of a pear.&#10;pear:  &quot;]" type="java.lang.AssertionError">&#13;
Expected: a collection containing a string containing "An edible fruit produced by the pear tree, similar to an apple but elongated towards the stem."&#13;
     but: mismatches were: [was "An edible fruit produced by the pear tree, similar to an apple but typically elongated towards the stem.", was "A type of fruit tree (Pyrus communis). synonym ▲
Synonym: pear tree", was "The wood of the pear tree (pearwood, pear wood).", was "Choke pear (a torture device).", was "(Jamaican) avocado, alligator pear", was "A desaturated chartreuse yellow colour, like that of a pear.
pear:  "]</failure><system-err>&#13;
Expected: a collection containing a string containing "An edible fruit produced by the pear tree, similar to an apple but elongated towards the stem."&#13;
     but: mismatches were: [was "An edible fruit produced by the pear tree, similar to an apple but typically elongated towards the stem.", was "A type of fruit tree (Pyrus communis). synonym ▲
Synonym: pear tree", was "The wood of the pear tree (pearwood, pear wood).", was "Choke pear (a torture device).", was "(Jamaican) avocado, alligator pear", was "A desaturated chartreuse yellow colour, like that of a pear.
pear:  "]&#13;
org.example.steps.serenity.EndUserSteps.should_see_definition(EndUserSteps.java:27)&#13;
org.example.features.search.SearchByKeywordStory.searching_by_keyword_banana_should_display_the_corresponding_article(SearchByKeywordStory.java:37)&#13;
</system-err></testcase><testcase classname="org.example.features.search.SearchByKeywordStory" name="Searching by keyword karl marx should display the corresponding article"><error message="no such element: Unable to locate element: {&quot;method&quot;:&quot;css selector&quot;,&quot;selector&quot;:&quot;ol&quot;}&#10;  (Session info: chrome=100.0.4896.88)&#10;For documentation on this error, please visit: https://www.seleniumhq.org/exceptions/no_such_element.html&#10;Build info: version: '3.141.59', revision: 'e82be7d358', time: '2018-11-14T08:17:03'&#10;System info: host: 'DRAGOSPC', ip: '192.168.56.1', os.name: 'Windows 11', os.arch: 'amd64', os.version: '10.0', java.version: '17.0.2'&#10;Driver info: org.openqa.selenium.chrome.ChromeDriver&#10;Capabilities {acceptInsecureCerts: false, browserName: chrome, browserVersion: 100.0.4896.88, chrome: {chromedriverVersion: 100.0.4896.60 (6a5d10861ce8..., userDataDir: C:\Users\drago\AppData\Loca...}, goog:chromeOptions: {debuggerAddress: localhost:52083}, javascriptEnabled: true, networkConnectionEnabled: false, pageLoadStrategy: normal, platform: WINDOWS, platformName: WINDOWS, proxy: Proxy(), setWindowRect: true, strictFileInteractability: false, timeouts: {implicit: 0, pageLoad: 300000, script: 30000}, unhandledPromptBehavior: dismiss and notify, webauthn:extension:credBlob: true, webauthn:extension:largeBlob: true, webauthn:virtualAuthenticators: true}&#10;Session ID: 08bd1f7a7a5a7c6a92749c14da3d1098&#10;*** Element info: {Using=tag name, value=ol}" type="org.openqa.selenium.NoSuchElementException">no such element: Unable to locate element: {"method":"css selector","selector":"ol"}
  (Session info: chrome=100.0.4896.88)
For documentation on this error, please visit: https://www.seleniumhq.org/exceptions/no_such_element.html
Build info: version: '3.141.59', revision: 'e82be7d358', time: '2018-11-14T08:17:03'
System info: host: 'DRAGOSPC', ip: '192.168.56.1', os.name: 'Windows 11', os.arch: 'amd64', os.version: '10.0', java.version: '17.0.2'
Driver info: org.openqa.selenium.chrome.ChromeDriver
Capabilities {acceptInsecureCerts: false, browserName: chrome, browserVersion: 100.0.4896.88, chrome: {chromedriverVersion: 100.0.4896.60 (6a5d10861ce8..., userDataDir: C:\Users\drago\AppData\Loca...}, goog:chromeOptions: {debuggerAddress: localhost:52083}, javascriptEnabled: true, networkConnectionEnabled: false, pageLoadStrategy: normal, platform: WINDOWS, platformName: WINDOWS, proxy: Proxy(), setWindowRect: true, strictFileInteractability: false, timeouts: {implicit: 0, pageLoad: 300000, script: 30000}, unhandledPromptBehavior: dismiss and notify, webauthn:extension:credBlob: true, webauthn:extension:largeBlob: true, webauthn:virtualAuthenticators: true}
Session ID: 08bd1f7a7a5a7c6a92749c14da3d1098
*** Element info: {Using=tag name, value=ol}</error><system-err>no such element: Unable to locate element: {"method":"css selector","selector":"ol"}
  (Session info: chrome=100.0.4896.88)
For documentation on this error, please visit: https://www.seleniumhq.org/exceptions/no_such_element.html
Build info: version: '3.141.59', revision: 'e82be7d358', time: '2018-11-14T08:17:03'
System info: host: 'DRAGOSPC', ip: '192.168.56.1', os.name: 'Windows 11', os.arch: 'amd64', os.version: '10.0', java.version: '17.0.2'
Driver info: org.openqa.selenium.chrome.ChromeDriver
Capabilities {acceptInsecureCerts: false, browserName: chrome, browserVersion: 100.0.4896.88, chrome: {chromedriverVersion: 100.0.4896.60 (6a5d10861ce8..., userDataDir: C:\Users\drago\AppData\Loca...}, goog:chromeOptions: {debuggerAddress: localhost:52083}, javascriptEnabled: true, networkConnectionEnabled: false, pageLoadStrategy: normal, platform: WINDOWS, platformName: WINDOWS, proxy: Proxy(), setWindowRect: true, strictFileInteractability: false, timeouts: {implicit: 0, pageLoad: 300000, script: 30000}, unhandledPromptBehavior: dismiss and notify, webauthn:extension:credBlob: true, webauthn:extension:largeBlob: true, webauthn:virtualAuthenticators: true}
Session ID: 08bd1f7a7a5a7c6a92749c14da3d1098
*** Element info: {Using=tag name, value=ol}&#13;
org.example.pages.DictionaryPage.getDefinitions(DictionaryPage.java:34)&#13;
org.example.steps.serenity.EndUserSteps.should_see_definition(EndUserSteps.java:27)&#13;
org.example.features.search.SearchByKeywordStory.searching_by_keyword_karlMarx_should_display_the_corresponding_article(SearchByKeywordStory.java:45)&#13;
</system-err></testcase><testcase classname="org.example.features.search.SearchByKeywordStory" name="Searching by ambiguious keyword should display the disambiguation page"><skipped/></testcase><testcase classname="org.example.features.search.SearchByKeywordStory" name="Searching by keyword apple should display the corresponding article"/></testsuite>